<?xml version="1.0" encoding="UTF-8"?>
<!-- Generated by org.testng.reporters.JUnitReportReporter -->
<testsuite hostname="DESKTOP-LEE528R" failures="0" tests="2" name="com.obsquera.testScripts.LoginTest" time="28.587" errors="0" timestamp="2023-06-16T08:32:34 IST" skipped="0">
  <testcase classname="com.obsquera.testScripts.LoginTest" name="verifyTheUserCanAbletoLoginwithValidusernameandValidPasswordWhileClickonSignInButton" time="19.105"/>
  <system-out/>
  <testcase classname="com.obsquera.testScripts.LoginTest" name="verifyTheUserCannotBeAbletoLoginwithInValidusernameandValidPasswordWhileClickonSignInButton" time="9.482"/>
  <system-out/>
</testsuite> <!-- com.obsquera.testScripts.LoginTest -->
