<?xml version="1.0" encoding="UTF-8"?>
<!-- Generated by org.testng.reporters.JUnitReportReporter -->
<testsuite hostname="DESKTOP-LEE528R" failures="0" tests="1" name="com.obsquera.testScripts.ManageDeliveryBoyTest" time="11.224" errors="0" timestamp="2023-06-13T23:09:19 IST" skipped="0">
  <testcase classname="com.obsquera.testScripts.ManageDeliveryBoyTest" name="userIsAbleToAddDatasToListDeliveryBoy" time="11.224"/>
  <system-out/>
</testsuite> <!-- com.obsquera.testScripts.ManageDeliveryBoyTest -->
