<?xml version="1.0" encoding="UTF-8"?>
<!-- Generated by org.testng.reporters.JUnitReportReporter -->
<testsuite hostname="DESKTOP-LEE528R" failures="0" tests="2" name="com.obsquera.testScripts.ManageSliderTest" time="18.882" errors="0" timestamp="2023-06-15T22:19:59 IST" skipped="0">
  <testcase classname="com.obsquera.testScripts.ManageSliderTest" name="checkWhetherUserIsAbleToUpdateStatusOfSliderPage" time="9.839"/>
  <system-out/>
  <testcase classname="com.obsquera.testScripts.ManageSliderTest" name="userCanAbleToAddNewSlider" time="9.043"/>
  <system-out/>
</testsuite> <!-- com.obsquera.testScripts.ManageSliderTest -->
