<?xml version="1.0" encoding="UTF-8"?>
<!-- Generated by org.testng.reporters.JUnitReportReporter -->
<testsuite hostname="DESKTOP-LEE528R" failures="0" tests="2" name="com.obsquera.testScripts.ManageSliderTest" time="15.009" errors="0" timestamp="2023-06-16T21:42:31 IST" skipped="0">
  <testcase classname="com.obsquera.testScripts.ManageSliderTest" name="checkWhetherUserIsAbleToUpdateStatusOfSliderPage" time="7.508"/>
  <system-out/>
  <testcase classname="com.obsquera.testScripts.ManageSliderTest" name="userCanAbleToAddNewSlider" time="7.501"/>
  <system-out/>
</testsuite> <!-- com.obsquera.testScripts.ManageSliderTest -->
