<?xml version="1.0" encoding="UTF-8"?>
<!-- Generated by org.testng.reporters.JUnitReportReporter -->
<testsuite hostname="DESKTOP-LEE528R" failures="0" tests="4" name="com.obsquera.testScripts.ManagePageTest" time="35.965" errors="0" timestamp="2023-06-13T23:11:19 IST" skipped="0">
  <testcase classname="com.obsquera.testScripts.ManagePageTest" name="checkwhetherUserCanAbleToDeleteAddedEntryInManagePages" time="9.465"/>
  <system-out/>
  <testcase classname="com.obsquera.testScripts.ManagePageTest" name="userIsAbleToEnterDatasToListPage" time="10.413"/>
  <system-out/>
  <testcase classname="com.obsquera.testScripts.ManagePageTest" name="checkWhetherUserIsAbleToSearchPagesInManagePages" time="7.775"/>
  <system-out/>
  <testcase classname="com.obsquera.testScripts.ManagePageTest" name="checkWhetherUserIsAbleToEditPagesInManagePages" time="8.312"/>
  <system-out/>
</testsuite> <!-- com.obsquera.testScripts.ManagePageTest -->
