<?xml version="1.0" encoding="UTF-8"?>
<!-- Generated by org.testng.reporters.JUnitReportReporter -->
<testsuite hostname="DESKTOP-LEE528R" failures="0" tests="5" name="com.obsquera.testScripts.ManagePageTest" time="41.859" errors="0" timestamp="2023-06-15T22:54:00 IST" skipped="0">
  <testcase classname="com.obsquera.testScripts.ManagePageTest" name="userIsAbleToEnterDatasToListPage" time="9.441"/>
  <system-out/>
  <testcase classname="com.obsquera.testScripts.ManagePageTest" name="checkWhetherUserIsGettingNoResultFoundWhileSearchWithNonExistingPagesInManagePages" time="8.895"/>
  <system-out/>
  <testcase classname="com.obsquera.testScripts.ManagePageTest" name="checkWhetherUserIsAbleToEditPagesInManagePages" time="8.787"/>
  <system-out/>
  <testcase classname="com.obsquera.testScripts.ManagePageTest" name="checkwhetherUserCanAbleToDeleteAddedEntryInManagePages" time="7.754"/>
  <system-out/>
  <testcase classname="com.obsquera.testScripts.ManagePageTest" name="checkWhetherUserIsAbleToSearchPagesInManagePages" time="6.982"/>
  <system-out/>
</testsuite> <!-- com.obsquera.testScripts.ManagePageTest -->
