<?xml version="1.0" encoding="UTF-8"?>
<!-- Generated by org.testng.reporters.JUnitReportReporter -->
<testsuite hostname="DESKTOP-LEE528R" failures="3" tests="11" name="com.obsquera.testScripts.ManagePageTest" time="93.592" errors="0" timestamp="2023-06-16T21:42:31 IST" skipped="6">
  <testcase classname="com.obsquera.testScripts.ManagePageTest" name="checkwhetherUserCanAbleToDeleteAddedEntryInManagePages" time="7.380">
    <skipped/>
  </testcase> <!-- checkwhetherUserCanAbleToDeleteAddedEntryInManagePages -->
  <system-out/>
  <testcase classname="com.obsquera.testScripts.ManagePageTest" name="checkWhetherUserIsGettingNoResultFoundWhileSearchWithNonExistingPagesInManagePages" time="8.381"/>
  <system-out/>
  <testcase classname="com.obsquera.testScripts.ManagePageTest" name="checkWhetherUserIsAbleToEditPagesInManagePages" time="8.770">
    <skipped/>
  </testcase> <!-- checkWhetherUserIsAbleToEditPagesInManagePages -->
  <system-out/>
  <testcase classname="com.obsquera.testScripts.ManagePageTest" name="checkWhetherUserIsAbleToSearchPagesInManagePages" time="7.304">
    <skipped/>
  </testcase> <!-- checkWhetherUserIsAbleToSearchPagesInManagePages -->
  <system-out/>
  <testcase classname="com.obsquera.testScripts.ManagePageTest" name="checkWhetherUserIsAbleToSearchPagesInManagePages" time="10.308">
    <skipped/>
  </testcase> <!-- checkWhetherUserIsAbleToSearchPagesInManagePages -->
  <system-out/>
  <testcase classname="com.obsquera.testScripts.ManagePageTest" name="userIsAbleToEnterDatasToListPage" time="9.978"/>
  <system-out/>
  <testcase classname="com.obsquera.testScripts.ManagePageTest" name="checkWhetherUserIsAbleToSearchPagesInManagePages" time="8.328">
    <failure message="User is not able to search Title in list pages expected [true] but found [false]" type="java.lang.AssertionError">
      <![CDATA[java.lang.AssertionError: User is not able to search Title in list pages expected [true] but found [false]
at org.testng.Assert.fail(Assert.java:99)
at org.testng.Assert.failNotEquals(Assert.java:1037)
at org.testng.Assert.assertTrue(Assert.java:45)
at com.obsquera.testScripts.ManagePageTest.checkWhetherUserIsAbleToSearchPagesInManagePages(ManagePageTest.java:38)
at java.base/jdk.internal.reflect.NativeMethodAccessorImpl.invoke0(Native Method)
at java.base/jdk.internal.reflect.NativeMethodAccessorImpl.invoke(NativeMethodAccessorImpl.java:77)
at java.base/jdk.internal.reflect.DelegatingMethodAccessorImpl.invoke(DelegatingMethodAccessorImpl.java:43)
at java.base/java.lang.reflect.Method.invoke(Method.java:568)
at org.testng.internal.MethodInvocationHelper.invokeMethod(MethodInvocationHelper.java:133)
at org.testng.internal.TestInvoker.invokeMethod(TestInvoker.java:598)
at org.testng.internal.TestInvoker.retryFailed(TestInvoker.java:213)
at org.testng.internal.MethodRunner.runInSequence(MethodRunner.java:58)
at org.testng.internal.TestInvoker$MethodInvocationAgent.invoke(TestInvoker.java:824)
at org.testng.internal.TestInvoker.invokeTestMethods(TestInvoker.java:146)
at org.testng.internal.TestMethodWorker.invokeTestMethods(TestMethodWorker.java:146)
at org.testng.internal.TestMethodWorker.run(TestMethodWorker.java:128)
at java.base/java.util.ArrayList.forEach(ArrayList.java:1511)
at org.testng.TestRunner.privateRun(TestRunner.java:794)
at org.testng.TestRunner.run(TestRunner.java:596)
at org.testng.SuiteRunner.runTest(SuiteRunner.java:377)
at org.testng.SuiteRunner.runSequentially(SuiteRunner.java:371)
at org.testng.SuiteRunner.privateRun(SuiteRunner.java:332)
at org.testng.SuiteRunner.run(SuiteRunner.java:276)
at org.testng.SuiteRunnerWorker.runSuite(SuiteRunnerWorker.java:53)
at org.testng.SuiteRunnerWorker.run(SuiteRunnerWorker.java:96)
at org.testng.TestNG.runSuitesSequentially(TestNG.java:1212)
at org.testng.TestNG.runSuitesLocally(TestNG.java:1134)
at org.testng.TestNG.runSuites(TestNG.java:1063)
at org.testng.TestNG.run(TestNG.java:1031)
at org.testng.remote.AbstractRemoteTestNG.run(AbstractRemoteTestNG.java:115)
at org.testng.remote.RemoteTestNG.initAndRun(RemoteTestNG.java:251)
at org.testng.remote.RemoteTestNG.main(RemoteTestNG.java:77)
]]>
    </failure>
  </testcase> <!-- checkWhetherUserIsAbleToSearchPagesInManagePages -->
  <system-out/>
  <testcase classname="com.obsquera.testScripts.ManagePageTest" name="checkwhetherUserCanAbleToDeleteAddedEntryInManagePages" time="9.056">
    <failure message="User is not able to search Title in list pages expected [true] but found [false]" type="java.lang.AssertionError">
      <![CDATA[java.lang.AssertionError: User is not able to search Title in list pages expected [true] but found [false]
at org.testng.Assert.fail(Assert.java:99)
at org.testng.Assert.failNotEquals(Assert.java:1037)
at org.testng.Assert.assertTrue(Assert.java:45)
at com.obsquera.testScripts.ManagePageTest.checkwhetherUserCanAbleToDeleteAddedEntryInManagePages(ManagePageTest.java:67)
at java.base/jdk.internal.reflect.NativeMethodAccessorImpl.invoke0(Native Method)
at java.base/jdk.internal.reflect.NativeMethodAccessorImpl.invoke(NativeMethodAccessorImpl.java:77)
at java.base/jdk.internal.reflect.DelegatingMethodAccessorImpl.invoke(DelegatingMethodAccessorImpl.java:43)
at java.base/java.lang.reflect.Method.invoke(Method.java:568)
at org.testng.internal.MethodInvocationHelper.invokeMethod(MethodInvocationHelper.java:133)
at org.testng.internal.TestInvoker.invokeMethod(TestInvoker.java:598)
at org.testng.internal.TestInvoker.retryFailed(TestInvoker.java:213)
at org.testng.internal.MethodRunner.runInSequence(MethodRunner.java:58)
at org.testng.internal.TestInvoker$MethodInvocationAgent.invoke(TestInvoker.java:824)
at org.testng.internal.TestInvoker.invokeTestMethods(TestInvoker.java:146)
at org.testng.internal.TestMethodWorker.invokeTestMethods(TestMethodWorker.java:146)
at org.testng.internal.TestMethodWorker.run(TestMethodWorker.java:128)
at java.base/java.util.ArrayList.forEach(ArrayList.java:1511)
at org.testng.TestRunner.privateRun(TestRunner.java:794)
at org.testng.TestRunner.run(TestRunner.java:596)
at org.testng.SuiteRunner.runTest(SuiteRunner.java:377)
at org.testng.SuiteRunner.runSequentially(SuiteRunner.java:371)
at org.testng.SuiteRunner.privateRun(SuiteRunner.java:332)
at org.testng.SuiteRunner.run(SuiteRunner.java:276)
at org.testng.SuiteRunnerWorker.runSuite(SuiteRunnerWorker.java:53)
at org.testng.SuiteRunnerWorker.run(SuiteRunnerWorker.java:96)
at org.testng.TestNG.runSuitesSequentially(TestNG.java:1212)
at org.testng.TestNG.runSuitesLocally(TestNG.java:1134)
at org.testng.TestNG.runSuites(TestNG.java:1063)
at org.testng.TestNG.run(TestNG.java:1031)
at org.testng.remote.AbstractRemoteTestNG.run(AbstractRemoteTestNG.java:115)
at org.testng.remote.RemoteTestNG.initAndRun(RemoteTestNG.java:251)
at org.testng.remote.RemoteTestNG.main(RemoteTestNG.java:77)
]]>
    </failure>
  </testcase> <!-- checkwhetherUserCanAbleToDeleteAddedEntryInManagePages -->
  <system-out/>
  <testcase classname="com.obsquera.testScripts.ManagePageTest" name="checkWhetherUserIsAbleToEditPagesInManagePages" time="8.667">
    <skipped/>
  </testcase> <!-- checkWhetherUserIsAbleToEditPagesInManagePages -->
  <system-out/>
  <testcase classname="com.obsquera.testScripts.ManagePageTest" name="checkWhetherUserIsAbleToEditPagesInManagePages" time="8.339">
    <failure message="User is not able to search Title in list pages expected [true] but found [false]" type="java.lang.AssertionError">
      <![CDATA[java.lang.AssertionError: User is not able to search Title in list pages expected [true] but found [false]
at org.testng.Assert.fail(Assert.java:99)
at org.testng.Assert.failNotEquals(Assert.java:1037)
at org.testng.Assert.assertTrue(Assert.java:45)
at com.obsquera.testScripts.ManagePageTest.checkWhetherUserIsAbleToEditPagesInManagePages(ManagePageTest.java:51)
at java.base/jdk.internal.reflect.NativeMethodAccessorImpl.invoke0(Native Method)
at java.base/jdk.internal.reflect.NativeMethodAccessorImpl.invoke(NativeMethodAccessorImpl.java:77)
at java.base/jdk.internal.reflect.DelegatingMethodAccessorImpl.invoke(DelegatingMethodAccessorImpl.java:43)
at java.base/java.lang.reflect.Method.invoke(Method.java:568)
at org.testng.internal.MethodInvocationHelper.invokeMethod(MethodInvocationHelper.java:133)
at org.testng.internal.TestInvoker.invokeMethod(TestInvoker.java:598)
at org.testng.internal.TestInvoker.retryFailed(TestInvoker.java:213)
at org.testng.internal.MethodRunner.runInSequence(MethodRunner.java:58)
at org.testng.internal.TestInvoker$MethodInvocationAgent.invoke(TestInvoker.java:824)
at org.testng.internal.TestInvoker.invokeTestMethods(TestInvoker.java:146)
at org.testng.internal.TestMethodWorker.invokeTestMethods(TestMethodWorker.java:146)
at org.testng.internal.TestMethodWorker.run(TestMethodWorker.java:128)
at java.base/java.util.ArrayList.forEach(ArrayList.java:1511)
at org.testng.TestRunner.privateRun(TestRunner.java:794)
at org.testng.TestRunner.run(TestRunner.java:596)
at org.testng.SuiteRunner.runTest(SuiteRunner.java:377)
at org.testng.SuiteRunner.runSequentially(SuiteRunner.java:371)
at org.testng.SuiteRunner.privateRun(SuiteRunner.java:332)
at org.testng.SuiteRunner.run(SuiteRunner.java:276)
at org.testng.SuiteRunnerWorker.runSuite(SuiteRunnerWorker.java:53)
at org.testng.SuiteRunnerWorker.run(SuiteRunnerWorker.java:96)
at org.testng.TestNG.runSuitesSequentially(TestNG.java:1212)
at org.testng.TestNG.runSuitesLocally(TestNG.java:1134)
at org.testng.TestNG.runSuites(TestNG.java:1063)
at org.testng.TestNG.run(TestNG.java:1031)
at org.testng.remote.AbstractRemoteTestNG.run(AbstractRemoteTestNG.java:115)
at org.testng.remote.RemoteTestNG.initAndRun(RemoteTestNG.java:251)
at org.testng.remote.RemoteTestNG.main(RemoteTestNG.java:77)
]]>
    </failure>
  </testcase> <!-- checkWhetherUserIsAbleToEditPagesInManagePages -->
  <system-out/>
  <testcase classname="com.obsquera.testScripts.ManagePageTest" name="checkwhetherUserCanAbleToDeleteAddedEntryInManagePages" time="7.081">
    <skipped/>
  </testcase> <!-- checkwhetherUserCanAbleToDeleteAddedEntryInManagePages -->
  <system-out/>
</testsuite> <!-- com.obsquera.testScripts.ManagePageTest -->
