<?xml version="1.0" encoding="UTF-8"?>
<!-- Generated by org.testng.reporters.JUnitReportReporter -->
<testsuite hostname="DESKTOP-LEE528R" failures="0" tests="4" name="com.obsquera.testScripts.LoginTest" time="25.603" errors="0" timestamp="2023-06-15T22:21:33 IST" skipped="0">
  <testcase classname="com.obsquera.testScripts.LoginTest" name="verifyTheUserCanAbletoLoginwithValidusernameandValidPasswordWhileClickonSignInButton" time="9.501"/>
  <system-out/>
  <testcase classname="com.obsquera.testScripts.LoginTest" name="verifyTheUserCannotBeAbletoLoginwithInValidusernameandValidPasswordWhileClickonSignInButton" time="5.938"/>
  <system-out/>
  <testcase classname="com.obsquera.testScripts.LoginTest" name="verifyTheUserCannotBeAbletoLoginwithValidusernameandInValidPasswordWhileClickonSignInButton" time="5.023"/>
  <system-out/>
  <testcase classname="com.obsquera.testScripts.LoginTest" name="verifyTheUserCannotBeAbletoLoginwithInValidusernameandInValidPasswordWhileClickonSignInButton" time="5.141"/>
  <system-out/>
</testsuite> <!-- com.obsquera.testScripts.LoginTest -->
