<?xml version="1.0" encoding="UTF-8"?>
<!-- Generated by org.testng.reporters.JUnitReportReporter -->
<testsuite hostname="DESKTOP-LEE528R" failures="0" tests="3" name="com.obsquera.testScripts.ManageDeliveryBoyTest" time="28.454" errors="0" timestamp="2023-06-15T23:13:07 IST" skipped="0">
  <testcase classname="com.obsquera.testScripts.ManageDeliveryBoyTest" name="userIsAbleToAddDatasToListDeliveryBoy" time="9.639"/>
  <system-out/>
  <testcase classname="com.obsquera.testScripts.ManageDeliveryBoyTest" name="checkWhetherUserIsAbleToUpdateStatusInDeliveryBoyListPage" time="8.248"/>
  <system-out/>
  <testcase classname="com.obsquera.testScripts.ManageDeliveryBoyTest" name="checkWhetherUserIsAbleToSearchNamesInDeliveryBoyPages" time="10.567"/>
  <system-out/>
</testsuite> <!-- com.obsquera.testScripts.ManageDeliveryBoyTest -->
