<?xml version="1.0" encoding="UTF-8"?>
<!-- Generated by org.testng.reporters.JUnitReportReporter -->
<testsuite hostname="DESKTOP-LEE528R" failures="0" tests="1" name="com.obsquera.testScripts.ManagePageTest" time="11.707" errors="0" timestamp="2023-06-14T23:55:36 IST" skipped="0">
  <testcase classname="com.obsquera.testScripts.ManagePageTest" name="checkWhetherUserIsGettingNoResultFoundWhileSearchWithNonExistingPagesInManagePages" time="11.707"/>
  <system-out/>
</testsuite> <!-- com.obsquera.testScripts.ManagePageTest -->
